<?xml version="1.0" encoding="UTF-8"?>
<testng-results ignored="0" total="4" passed="4" failed="0" skipped="0">
  <reporter-output>
  </reporter-output>
  <suite started-at="2025-10-29T15:36:42 IST" name="Default suite" finished-at="2025-10-29T15:37:44 IST" duration-ms="62281">
    <groups>
      <group name="cucumber">
        <method signature="AbstractTestNGCucumberTests.runScenario(io.cucumber.testng.PickleWrapper,io.cucumber.testng.FeatureWrapper)[pri:0, instance:runner.CucumberRunner@1ff4931d]" name="runScenario" class="io.cucumber.testng.AbstractTestNGCucumberTests"/>
      </group> <!-- cucumber -->
    </groups>
    <test started-at="2025-10-29T15:36:42 IST" name="Default test" finished-at="2025-10-29T15:37:44 IST" duration-ms="62281">
      <class name="runner.CucumberRunner">
        <test-method is-config="true" signature="setUpClass(org.testng.ITestContext)[pri:0, instance:runner.CucumberRunner@1ff4931d]" started-at="2025-10-29T15:36:42 IST" name="setUpClass" finished-at="2025-10-29T15:36:42 IST" duration-ms="606" status="PASS">
          <params>
            <param index="0">
              <value>
                <![CDATA[org.testng.TestRunner@4ed4a7e4]]>
              </value>
            </param>
          </params>
          <reporter-output>
          </reporter-output>
        </test-method> <!-- setUpClass -->
        <test-method signature="runScenario(io.cucumber.testng.PickleWrapper,io.cucumber.testng.FeatureWrapper)[pri:0, instance:runner.CucumberRunner@1ff4931d]" started-at="2025-10-29T15:36:42 IST" name="runScenario" description="Runs Cucumber Scenarios" data-provider="scenarios" finished-at="2025-10-29T15:37:01 IST" duration-ms="18828" status="PASS">
          <params>
            <param index="0">
              <value>
                <![CDATA["create an account with two datas"]]>
              </value>
            </param>
            <param index="1">
              <value>
                <![CDATA["Create an account functionality in Leaftaps application"]]>
              </value>
            </param>
          </params>
          <reporter-output>
          </reporter-output>
        </test-method> <!-- runScenario -->
        <test-method signature="runScenario(io.cucumber.testng.PickleWrapper,io.cucumber.testng.FeatureWrapper)[pri:0, instance:runner.CucumberRunner@1ff4931d]" started-at="2025-10-29T15:37:01 IST" name="runScenario" description="Runs Cucumber Scenarios" data-provider="scenarios" finished-at="2025-10-29T15:37:13 IST" duration-ms="12195" status="PASS">
          <params>
            <param index="0">
              <value>
                <![CDATA["create an account with two datas"]]>
              </value>
            </param>
            <param index="1">
              <value>
                <![CDATA["Create an account functionality in Leaftaps application"]]>
              </value>
            </param>
          </params>
          <reporter-output>
          </reporter-output>
        </test-method> <!-- runScenario -->
        <test-method signature="runScenario(io.cucumber.testng.PickleWrapper,io.cucumber.testng.FeatureWrapper)[pri:0, instance:runner.CucumberRunner@1ff4931d]" started-at="2025-10-29T15:37:13 IST" name="runScenario" description="Runs Cucumber Scenarios" data-provider="scenarios" finished-at="2025-10-29T15:37:27 IST" duration-ms="13680" status="PASS">
          <params>
            <param index="0">
              <value>
                <![CDATA["create an account with two datas"]]>
              </value>
            </param>
            <param index="1">
              <value>
                <![CDATA["Create an account functionality in Leaftaps application"]]>
              </value>
            </param>
          </params>
          <reporter-output>
          </reporter-output>
        </test-method> <!-- runScenario -->
        <test-method signature="runScenario(io.cucumber.testng.PickleWrapper,io.cucumber.testng.FeatureWrapper)[pri:0, instance:runner.CucumberRunner@1ff4931d]" started-at="2025-10-29T15:37:27 IST" name="runScenario" description="Runs Cucumber Scenarios" data-provider="scenarios" finished-at="2025-10-29T15:37:42 IST" duration-ms="14527" status="PASS">
          <params>
            <param index="0">
              <value>
                <![CDATA["create an account with two datas"]]>
              </value>
            </param>
            <param index="1">
              <value>
                <![CDATA["Create an account functionality in Leaftaps application"]]>
              </value>
            </param>
          </params>
          <reporter-output>
          </reporter-output>
        </test-method> <!-- runScenario -->
        <test-method is-config="true" signature="tearDownClass()[pri:0, instance:runner.CucumberRunner@1ff4931d]" started-at="2025-10-29T15:37:42 IST" name="tearDownClass" finished-at="2025-10-29T15:37:44 IST" duration-ms="2386" status="PASS">
          <reporter-output>
          </reporter-output>
        </test-method> <!-- tearDownClass -->
      </class> <!-- runner.CucumberRunner -->
    </test> <!-- Default test -->
  </suite> <!-- Default suite -->
</testng-results>
