<?xml version="1.0" encoding="UTF-8"?>
<testng-results ignored="0" total="2" passed="2" failed="0" skipped="0">
  <reporter-output>
  </reporter-output>
  <suite started-at="2025-10-28T14:06:58 IST" name="Default suite" finished-at="2025-10-28T14:07:44 IST" duration-ms="45874">
    <groups>
      <group name="cucumber">
        <method signature="AbstractTestNGCucumberTests.runScenario(io.cucumber.testng.PickleWrapper,io.cucumber.testng.FeatureWrapper)[pri:0, instance:runner.CucumberRunner@b2c9a9c]" name="runScenario" class="io.cucumber.testng.AbstractTestNGCucumberTests"/>
      </group> <!-- cucumber -->
    </groups>
    <test started-at="2025-10-28T14:06:58 IST" name="Default test" finished-at="2025-10-28T14:07:44 IST" duration-ms="45874">
      <class name="runner.CucumberRunner">
        <test-method is-config="true" signature="setUpClass(org.testng.ITestContext)[pri:0, instance:runner.CucumberRunner@b2c9a9c]" started-at="2025-10-28T14:06:58 IST" name="setUpClass" finished-at="2025-10-28T14:06:59 IST" duration-ms="1109" status="PASS">
          <params>
            <param index="0">
              <value>
                <![CDATA[org.testng.TestRunner@cdb2d95]]>
              </value>
            </param>
          </params>
          <reporter-output>
          </reporter-output>
        </test-method> <!-- setUpClass -->
        <test-method is-config="true" signature="preConditions()[pri:0, instance:runner.CucumberRunner@b2c9a9c]" started-at="2025-10-28T14:06:59 IST" name="preConditions" finished-at="2025-10-28T14:07:07 IST" duration-ms="8399" status="PASS">
          <reporter-output>
          </reporter-output>
        </test-method> <!-- preConditions -->
        <test-method signature="runScenario(io.cucumber.testng.PickleWrapper,io.cucumber.testng.FeatureWrapper)[pri:0, instance:runner.CucumberRunner@b2c9a9c]" started-at="2025-10-28T14:07:07 IST" name="runScenario" description="Runs Cucumber Scenarios" data-provider="scenarios" finished-at="2025-10-28T14:07:15 IST" duration-ms="8057" status="PASS">
          <params>
            <param index="0">
              <value>
                <![CDATA["create an account with two datas"]]>
              </value>
            </param>
            <param index="1">
              <value>
                <![CDATA["Create an account functionality in Leaftaps application"]]>
              </value>
            </param>
          </params>
          <reporter-output>
          </reporter-output>
        </test-method> <!-- runScenario -->
        <test-method is-config="true" signature="postConditions()[pri:0, instance:runner.CucumberRunner@b2c9a9c]" started-at="2025-10-28T14:07:15 IST" name="postConditions" finished-at="2025-10-28T14:07:20 IST" duration-ms="4120" status="PASS">
          <reporter-output>
          </reporter-output>
        </test-method> <!-- postConditions -->
        <test-method is-config="true" signature="preConditions()[pri:0, instance:runner.CucumberRunner@b2c9a9c]" started-at="2025-10-28T14:07:20 IST" name="preConditions" finished-at="2025-10-28T14:07:28 IST" duration-ms="8620" status="PASS">
          <reporter-output>
          </reporter-output>
        </test-method> <!-- preConditions -->
        <test-method signature="runScenario(io.cucumber.testng.PickleWrapper,io.cucumber.testng.FeatureWrapper)[pri:0, instance:runner.CucumberRunner@b2c9a9c]" started-at="2025-10-28T14:07:28 IST" name="runScenario" description="Runs Cucumber Scenarios" data-provider="scenarios" finished-at="2025-10-28T14:07:36 IST" duration-ms="7738" status="PASS">
          <params>
            <param index="0">
              <value>
                <![CDATA["create an account with two datas"]]>
              </value>
            </param>
            <param index="1">
              <value>
                <![CDATA["Create an account functionality in Leaftaps application"]]>
              </value>
            </param>
          </params>
          <reporter-output>
          </reporter-output>
        </test-method> <!-- runScenario -->
        <test-method is-config="true" signature="postConditions()[pri:0, instance:runner.CucumberRunner@b2c9a9c]" started-at="2025-10-28T14:07:36 IST" name="postConditions" finished-at="2025-10-28T14:07:41 IST" duration-ms="5581" status="PASS">
          <reporter-output>
          </reporter-output>
        </test-method> <!-- postConditions -->
        <test-method is-config="true" signature="tearDownClass()[pri:0, instance:runner.CucumberRunner@b2c9a9c]" started-at="2025-10-28T14:07:41 IST" name="tearDownClass" finished-at="2025-10-28T14:07:44 IST" duration-ms="2143" status="PASS">
          <reporter-output>
          </reporter-output>
        </test-method> <!-- tearDownClass -->
      </class> <!-- runner.CucumberRunner -->
    </test> <!-- Default test -->
  </suite> <!-- Default suite -->
</testng-results>
